<?xml version="1.0" encoding="UTF-8"?>
<testng-results ignored="0" total="1" passed="1" failed="0" skipped="0">
  <reporter-output>
  </reporter-output>
  <suite started-at="2019-08-10T15:33:04Z" name="Default suite" finished-at="2019-08-10T15:33:42Z" duration-ms="37753">
    <groups>
    </groups>
    <test started-at="2019-08-10T15:33:04Z" name="Default test" finished-at="2019-08-10T15:33:42Z" duration-ms="37753">
      <class name="winiumTest.TakeScreenshots">
        <test-method signature="TakescreenshotHandle()[pri:0, instance:winiumTest.TakeScreenshots@33990a0c]" started-at="2019-08-10T15:33:04Z" name="TakescreenshotHandle" finished-at="2019-08-10T15:33:42Z" duration-ms="37705" status="PASS">
          <reporter-output>
          </reporter-output>
        </test-method> <!-- TakescreenshotHandle -->
      </class> <!-- winiumTest.TakeScreenshots -->
    </test> <!-- Default test -->
  </suite> <!-- Default suite -->
</testng-results>
