<?xml version="1.0" encoding="UTF-8"?>
<!-- Generated by org.testng.reporters.JUnitXMLReporter -->
<testsuite ignored="0" hostname="Bishal-PC" failures="0" tests="3" name="Selenium" time="40.287" errors="0" timestamp="23 Mar 2019 13:29:43 GMT">
  <testcase classname="winiumTest.WiniumTestDemo2" name="SeleniumTest" time="0.015"/>
  <testcase classname="winiumTest.WiniumTestDemo" name="SeleniumTest" time="35.885"/>
  <testcase classname="winiumTest.Demo" name="SeleniumTest" time="0.007"/>
</testsuite> <!-- Selenium -->
