<?xml version="1.0" encoding="UTF-8"?>
<testng-results ignored="0" total="1" passed="1" failed="0" skipped="0">
  <reporter-output>
  </reporter-output>
  <suite started-at="2022-02-03T13:41:01Z" name="Default suite" finished-at="2022-02-03T13:41:10Z" duration-ms="8575">
    <groups>
    </groups>
    <test started-at="2022-02-03T13:41:01Z" name="Default test" finished-at="2022-02-03T13:41:10Z" duration-ms="8575">
      <class name="winiumTest.TakeScreenshots">
        <test-method signature="TakescreenshotHandle()[pri:0, instance:winiumTest.TakeScreenshots@5c909414]" started-at="2022-02-03T13:41:01Z" name="TakescreenshotHandle" finished-at="2022-02-03T13:41:10Z" duration-ms="8518" status="PASS">
          <reporter-output>
          </reporter-output>
        </test-method> <!-- TakescreenshotHandle -->
      </class> <!-- winiumTest.TakeScreenshots -->
    </test> <!-- Default test -->
  </suite> <!-- Default suite -->
</testng-results>
